This file contains any messages produced by compilers while
running configure, to aid debugging if configure makes a mistake.

It was created by Leafpad configure 0.8.17le2, which was
generated by GNU Autoconf 2.61.  Invocation command line was

  $ ./configure 

## --------- ##
## Platform. ##
## --------- ##

hostname = enkai
uname -m = x86_64
uname -r = 5.17.1-arch1-1
uname -s = Linux
uname -v = #1 SMP PREEMPT Mon, 28 Mar 2022 20:55:33 +0000

/usr/bin/uname -p = unknown
/bin/uname -X     = unknown

/bin/arch              = unknown
/usr/bin/arch -k       = unknown
/usr/convex/getsysinfo = unknown
/usr/bin/hostinfo      = unknown
/bin/machine           = unknown
/usr/bin/oslevel       = unknown
/bin/universe          = unknown

PATH: /home/eri/.local/bin
PATH: /home/eri/.cargo/bin
PATH: /usr/local/bin
PATH: /usr/bin


## ----------- ##
## Core tests. ##
## ----------- ##

configure:1858: checking for a BSD-compatible install
configure:1914: result: /usr/bin/install -c
configure:1925: checking whether build environment is sane
configure:1968: result: yes
configure:1996: checking for a thread-safe mkdir -p
configure:2035: result: /usr/bin/mkdir -p
configure:2048: checking for gawk
configure:2064: found /usr/bin/gawk
configure:2075: result: gawk
configure:2086: checking whether make sets $(MAKE)
configure:2107: result: yes
configure:2310: checking for style of include used by make
configure:2338: result: GNU
configure:2408: checking for gcc
configure:2424: found /usr/bin/gcc
configure:2435: result: gcc
configure:2673: checking for C compiler version
configure:2680: gcc --version >&5
gcc (GCC) 11.2.0
Copyright (C) 2021 Free Software Foundation, Inc.
This is free software; see the source for copying conditions.  There is NO
warranty; not even for MERCHANTABILITY or FITNESS FOR A PARTICULAR PURPOSE.

configure:2683: $? = 0
configure:2690: gcc -v >&5
Using built-in specs.
COLLECT_GCC=gcc
COLLECT_LTO_WRAPPER=/usr/lib/gcc/x86_64-pc-linux-gnu/11.2.0/lto-wrapper
Target: x86_64-pc-linux-gnu
Configured with: /build/gcc/src/gcc/configure --enable-languages=c,c++,ada,fortran,go,lto,objc,obj-c++,d --enable-bootstrap --prefix=/usr --libdir=/usr/lib --libexecdir=/usr/lib --mandir=/usr/share/man --infodir=/usr/share/info --with-bugurl=https://bugs.archlinux.org/ --with-linker-hash-style=gnu --with-system-zlib --enable-__cxa_atexit --enable-cet=auto --enable-checking=release --enable-clocale=gnu --enable-default-pie --enable-default-ssp --enable-gnu-indirect-function --enable-gnu-unique-object --enable-linker-build-id --enable-lto --enable-multilib --enable-plugin --enable-shared --enable-threads=posix --disable-libssp --disable-libstdcxx-pch --disable-werror --with-build-config=bootstrap-lto --enable-link-serialization=1 gdc_include_dir=/usr/include/dlang/gdc
Thread model: posix
Supported LTO compression algorithms: zlib zstd
gcc version 11.2.0 (GCC) 
configure:2693: $? = 0
configure:2700: gcc -V >&5
gcc: error: unrecognized command-line option '-V'
gcc: fatal error: no input files
compilation terminated.
configure:2703: $? = 1
configure:2726: checking for C compiler default output file name
configure:2753: gcc    conftest.c  >&5
configure:2756: $? = 0
configure:2794: result: a.out
configure:2811: checking whether the C compiler works
configure:2821: ./a.out
configure:2824: $? = 0
configure:2841: result: yes
configure:2848: checking whether we are cross compiling
configure:2850: result: no
configure:2853: checking for suffix of executables
configure:2860: gcc -o conftest    conftest.c  >&5
configure:2863: $? = 0
configure:2887: result: 
configure:2893: checking for suffix of object files
configure:2919: gcc -c   conftest.c >&5
configure:2922: $? = 0
configure:2945: result: o
configure:2949: checking whether we are using the GNU C compiler
configure:2978: gcc -c   conftest.c >&5
configure:2984: $? = 0
configure:3001: result: yes
configure:3006: checking whether gcc accepts -g
configure:3036: gcc -c -g  conftest.c >&5
configure:3042: $? = 0
configure:3141: result: yes
configure:3158: checking for gcc option to accept ISO C89
configure:3232: gcc  -c -g -O2  conftest.c >&5
configure:3238: $? = 0
configure:3261: result: none needed
configure:3281: checking dependency style of gcc
configure:3372: result: gcc3
configure:3458: checking for xgettext
configure:3476: found /usr/bin/xgettext
configure:3488: result: /usr/bin/xgettext
configure:3498: checking for msgmerge
configure:3516: found /usr/bin/msgmerge
configure:3528: result: /usr/bin/msgmerge
configure:3538: checking for msgfmt
configure:3556: found /usr/bin/msgfmt
configure:3568: result: /usr/bin/msgfmt
configure:3600: checking for perl
configure:3618: found /usr/bin/perl
configure:3630: result: /usr/bin/perl
configure:3689: gcc -o conftest -g -O2   conftest.c  >&5
configure:3695: $? = 0
configure:3862: checking for gcc
configure:3889: result: gcc
configure:4127: checking for C compiler version
configure:4134: gcc --version >&5
gcc (GCC) 11.2.0
Copyright (C) 2021 Free Software Foundation, Inc.
This is free software; see the source for copying conditions.  There is NO
warranty; not even for MERCHANTABILITY or FITNESS FOR A PARTICULAR PURPOSE.

configure:4137: $? = 0
configure:4144: gcc -v >&5
Using built-in specs.
COLLECT_GCC=gcc
COLLECT_LTO_WRAPPER=/usr/lib/gcc/x86_64-pc-linux-gnu/11.2.0/lto-wrapper
Target: x86_64-pc-linux-gnu
Configured with: /build/gcc/src/gcc/configure --enable-languages=c,c++,ada,fortran,go,lto,objc,obj-c++,d --enable-bootstrap --prefix=/usr --libdir=/usr/lib --libexecdir=/usr/lib --mandir=/usr/share/man --infodir=/usr/share/info --with-bugurl=https://bugs.archlinux.org/ --with-linker-hash-style=gnu --with-system-zlib --enable-__cxa_atexit --enable-cet=auto --enable-checking=release --enable-clocale=gnu --enable-default-pie --enable-default-ssp --enable-gnu-indirect-function --enable-gnu-unique-object --enable-linker-build-id --enable-lto --enable-multilib --enable-plugin --enable-shared --enable-threads=posix --disable-libssp --disable-libstdcxx-pch --disable-werror --with-build-config=bootstrap-lto --enable-link-serialization=1 gdc_include_dir=/usr/include/dlang/gdc
Thread model: posix
Supported LTO compression algorithms: zlib zstd
gcc version 11.2.0 (GCC) 
configure:4147: $? = 0
configure:4154: gcc -V >&5
gcc: error: unrecognized command-line option '-V'
gcc: fatal error: no input files
compilation terminated.
configure:4157: $? = 1
configure:4160: checking whether we are using the GNU C compiler
configure:4212: result: yes
configure:4217: checking whether gcc accepts -g
configure:4352: result: yes
configure:4369: checking for gcc option to accept ISO C89
configure:4472: result: none needed
configure:4492: checking dependency style of gcc
configure:4583: result: gcc3
configure:4602: checking whether gcc and cc understand -c and -o together
configure:4637: gcc -c conftest.c -o conftest2.o >&5
configure:4640: $? = 0
configure:4646: gcc -c conftest.c -o conftest2.o >&5
configure:4649: $? = 0
configure:4660: cc -c conftest.c >&5
configure:4663: $? = 0
configure:4671: cc -c conftest.c -o conftest2.o >&5
configure:4674: $? = 0
configure:4680: cc -c conftest.c -o conftest2.o >&5
configure:4683: $? = 0
configure:4701: result: yes
configure:4785: checking for g++
configure:4801: found /usr/bin/g++
configure:4812: result: g++
configure:4843: checking for C++ compiler version
configure:4850: g++ --version >&5
g++ (GCC) 11.2.0
Copyright (C) 2021 Free Software Foundation, Inc.
This is free software; see the source for copying conditions.  There is NO
warranty; not even for MERCHANTABILITY or FITNESS FOR A PARTICULAR PURPOSE.

configure:4853: $? = 0
configure:4860: g++ -v >&5
Using built-in specs.
COLLECT_GCC=g++
COLLECT_LTO_WRAPPER=/usr/lib/gcc/x86_64-pc-linux-gnu/11.2.0/lto-wrapper
Target: x86_64-pc-linux-gnu
Configured with: /build/gcc/src/gcc/configure --enable-languages=c,c++,ada,fortran,go,lto,objc,obj-c++,d --enable-bootstrap --prefix=/usr --libdir=/usr/lib --libexecdir=/usr/lib --mandir=/usr/share/man --infodir=/usr/share/info --with-bugurl=https://bugs.archlinux.org/ --with-linker-hash-style=gnu --with-system-zlib --enable-__cxa_atexit --enable-cet=auto --enable-checking=release --enable-clocale=gnu --enable-default-pie --enable-default-ssp --enable-gnu-indirect-function --enable-gnu-unique-object --enable-linker-build-id --enable-lto --enable-multilib --enable-plugin --enable-shared --enable-threads=posix --disable-libssp --disable-libstdcxx-pch --disable-werror --with-build-config=bootstrap-lto --enable-link-serialization=1 gdc_include_dir=/usr/include/dlang/gdc
Thread model: posix
Supported LTO compression algorithms: zlib zstd
gcc version 11.2.0 (GCC) 
configure:4863: $? = 0
configure:4870: g++ -V >&5
g++: error: unrecognized command-line option '-V'
g++: fatal error: no input files
compilation terminated.
configure:4873: $? = 1
configure:4876: checking whether we are using the GNU C++ compiler
configure:4905: g++ -c   conftest.cpp >&5
configure:4911: $? = 0
configure:4928: result: yes
configure:4933: checking whether g++ accepts -g
configure:4963: g++ -c -g  conftest.cpp >&5
configure:4969: $? = 0
configure:5068: result: yes
configure:5093: checking dependency style of g++
configure:5184: result: gcc3
configure:5242: checking for ranlib
configure:5258: found /usr/bin/ranlib
configure:5269: result: ranlib
configure:5345: checking for pkg-config
configure:5363: found /usr/bin/pkg-config
configure:5375: result: /usr/bin/pkg-config
configure:5404: checking pkg-config is at least version 0.9.0
configure:5407: result: yes
configure:5418: checking for GTK
configure:5426: $PKG_CONFIG --exists --print-errors "gtk+-2.0"
configure:5429: $? = 0
configure:5444: $PKG_CONFIG --exists --print-errors "gtk+-2.0"
configure:5447: $? = 0
configure:5523: result: yes
configure:5561: $PKG_CONFIG --exists --print-errors "gtk+-2.0 >= 2.4.0"
configure:5564: $? = 0
configure:5594: $PKG_CONFIG --exists --print-errors "gtk+-2.0 >= 2.10.0"
configure:5597: $? = 0
configure:5702: checking for HILDON
configure:5710: $PKG_CONFIG --exists --print-errors "hildon-1 >= 0.9.9 hildon-fm-2 libosso"
Package hildon-1 was not found in the pkg-config search path.
Perhaps you should add the directory containing `hildon-1.pc'
to the PKG_CONFIG_PATH environment variable
Package 'hildon-1', required by 'virtual:world', not found
Package 'hildon-fm-2', required by 'virtual:world', not found
Package 'libosso', required by 'virtual:world', not found
configure:5713: $? = 1
configure:5728: $PKG_CONFIG --exists --print-errors "hildon-1 >= 0.9.9 hildon-fm-2 libosso"
Package hildon-1 was not found in the pkg-config search path.
Perhaps you should add the directory containing `hildon-1.pc'
to the PKG_CONFIG_PATH environment variable
Package 'hildon-1', required by 'virtual:world', not found
Package 'hildon-fm-2', required by 'virtual:world', not found
Package 'libosso', required by 'virtual:world', not found
configure:5731: $? = 1
Package 'hildon-1', required by 'virtual:world', not found
Package 'hildon-fm-2', required by 'virtual:world', not found
Package 'libosso', required by 'virtual:world', not found
configure:5759: result: no
configure:5795: checking how to run the C preprocessor
configure:5835: gcc -E  conftest.c
configure:5841: $? = 0
configure:5872: gcc -E  conftest.c
conftest.c:15:10: fatal error: ac_nonexistent.h: No such file or directory
   15 | #include <ac_nonexistent.h>
      |          ^~~~~~~~~~~~~~~~~~
compilation terminated.
configure:5878: $? = 1
configure: failed program was:
| /* confdefs.h.  */
| #define PACKAGE_NAME "Leafpad"
| #define PACKAGE_TARNAME "leafpad"
| #define PACKAGE_VERSION "0.8.17le2"
| #define PACKAGE_STRING "Leafpad 0.8.17le2"
| #define PACKAGE_BUGREPORT "tarot@sdf.lonestar.org"
| #define PACKAGE "leafpad"
| #define VERSION "0.8.17le2"
| #define ENABLE_CHARDETECT 1
| #define ENABLE_SHIFTENTER 1
| #define ENABLE_CHOOSER 1
| #define SEARCH_HISTORY 1
| #define ENABLE_PRINT 1
| /* end confdefs.h.  */
| #include <ac_nonexistent.h>
configure:5911: result: gcc -E
configure:5940: gcc -E  conftest.c
configure:5946: $? = 0
configure:5977: gcc -E  conftest.c
conftest.c:15:10: fatal error: ac_nonexistent.h: No such file or directory
   15 | #include <ac_nonexistent.h>
      |          ^~~~~~~~~~~~~~~~~~
compilation terminated.
configure:5983: $? = 1
configure: failed program was:
| /* confdefs.h.  */
| #define PACKAGE_NAME "Leafpad"
| #define PACKAGE_TARNAME "leafpad"
| #define PACKAGE_VERSION "0.8.17le2"
| #define PACKAGE_STRING "Leafpad 0.8.17le2"
| #define PACKAGE_BUGREPORT "tarot@sdf.lonestar.org"
| #define PACKAGE "leafpad"
| #define VERSION "0.8.17le2"
| #define ENABLE_CHARDETECT 1
| #define ENABLE_SHIFTENTER 1
| #define ENABLE_CHOOSER 1
| #define SEARCH_HISTORY 1
| #define ENABLE_PRINT 1
| /* end confdefs.h.  */
| #include <ac_nonexistent.h>
configure:6021: checking for grep that handles long lines and -e
configure:6095: result: /usr/bin/grep
configure:6100: checking for egrep
configure:6178: result: /usr/bin/grep -E
configure:6183: checking for ANSI C header files
configure:6213: gcc -c -g -O2 -Wall  conftest.c >&5
configure:6219: $? = 0
configure:6318: gcc -o conftest -g -O2 -Wall   conftest.c  >&5
configure:6321: $? = 0
configure:6327: ./conftest
configure:6330: $? = 0
configure:6347: result: yes
configure:6371: checking for sys/types.h
configure:6392: gcc -c -g -O2 -Wall  conftest.c >&5
configure:6398: $? = 0
configure:6414: result: yes
configure:6371: checking for sys/stat.h
configure:6392: gcc -c -g -O2 -Wall  conftest.c >&5
configure:6398: $? = 0
configure:6414: result: yes
configure:6371: checking for stdlib.h
configure:6392: gcc -c -g -O2 -Wall  conftest.c >&5
configure:6398: $? = 0
configure:6414: result: yes
configure:6371: checking for string.h
configure:6392: gcc -c -g -O2 -Wall  conftest.c >&5
configure:6398: $? = 0
configure:6414: result: yes
configure:6371: checking for memory.h
configure:6392: gcc -c -g -O2 -Wall  conftest.c >&5
configure:6398: $? = 0
configure:6414: result: yes
configure:6371: checking for strings.h
configure:6392: gcc -c -g -O2 -Wall  conftest.c >&5
configure:6398: $? = 0
configure:6414: result: yes
configure:6371: checking for inttypes.h
configure:6392: gcc -c -g -O2 -Wall  conftest.c >&5
configure:6398: $? = 0
configure:6414: result: yes
configure:6371: checking for stdint.h
configure:6392: gcc -c -g -O2 -Wall  conftest.c >&5
configure:6398: $? = 0
configure:6414: result: yes
configure:6371: checking for unistd.h
configure:6392: gcc -c -g -O2 -Wall  conftest.c >&5
configure:6398: $? = 0
configure:6414: result: yes
configure:6442: checking locale.h usability
configure:6459: gcc -c -g -O2 -Wall  conftest.c >&5
configure:6465: $? = 0
configure:6479: result: yes
configure:6483: checking locale.h presence
configure:6498: gcc -E  conftest.c
configure:6504: $? = 0
configure:6518: result: yes
configure:6551: checking for locale.h
configure:6559: result: yes
configure:6573: checking for LC_MESSAGES
configure:6599: gcc -o conftest -g -O2 -Wall   conftest.c  >&5
configure:6605: $? = 0
configure:6622: result: yes
configure:6651: checking libintl.h usability
configure:6668: gcc -c -g -O2 -Wall  conftest.c >&5
configure:6674: $? = 0
configure:6688: result: yes
configure:6692: checking libintl.h presence
configure:6707: gcc -E  conftest.c
configure:6713: $? = 0
configure:6727: result: yes
configure:6760: checking for libintl.h
configure:6767: result: yes
configure:6778: checking for ngettext in libc
configure:6806: gcc -o conftest -g -O2 -Wall   conftest.c  >&5
configure:6812: $? = 0
configure:6830: result: yes
configure:6834: checking for dgettext in libc
configure:6862: gcc -o conftest -g -O2 -Wall   conftest.c  >&5
configure:6868: $? = 0
configure:6886: result: yes
configure:6895: checking for bind_textdomain_codeset
configure:6951: gcc -o conftest -g -O2 -Wall   conftest.c  >&5
configure:6957: $? = 0
configure:6975: result: yes
configure:7462: checking for msgfmt
configure:7489: result: /usr/bin/msgfmt
configure:7502: checking for dcgettext
configure:7558: gcc -o conftest -g -O2 -Wall   conftest.c   >&5
conftest.c:52:6: warning: conflicting types for built-in function 'dcgettext'; expected 'char *(const char *, const char *, int)' [-Wbuiltin-declaration-mismatch]
   52 | char dcgettext ();
      |      ^~~~~~~~~
configure:7564: $? = 0
configure:7582: result: yes
configure:7593: checking if msgfmt accepts -c
configure:7608: $MSGFMT -c -o /dev/null conftest.foo
conftest.foo:3: warning: header field 'Language' missing in header
configure:7611: $? = 0
configure:7613: result: yes
configure:7623: checking for gmsgfmt
configure:7654: result: /usr/bin/msgfmt
configure:7664: checking for xgettext
configure:7691: result: /usr/bin/xgettext
configure:7720: gcc -o conftest -g -O2 -Wall   conftest.c   >&5
configure:7726: $? = 0
configure:8099: creating ./config.status

## ---------------------- ##
## Running config.status. ##
## ---------------------- ##

This file was extended by Leafpad config.status 0.8.17le2, which was
generated by GNU Autoconf 2.61.  Invocation command line was

  CONFIG_FILES    = 
  CONFIG_HEADERS  = 
  CONFIG_LINKS    = 
  CONFIG_COMMANDS = 
  $ ./config.status 

on enkai

config.status:720: creating Makefile
config.status:720: creating src/Makefile
config.status:720: creating src/charset-detector/Makefile
config.status:720: creating src/charset-detector/include/Makefile
config.status:720: creating src/charset-detector/src/Makefile
config.status:720: creating src/charset-detector/src/entry/Makefile
config.status:720: creating src/charset-detector/src/tables/Makefile
config.status:720: creating src/charset-detector/test/Makefile
config.status:720: creating data/Makefile
config.status:720: creating data/icons/Makefile
config.status:720: creating data/icons/16x16/Makefile
config.status:720: creating data/icons/22x22/Makefile
config.status:720: creating data/icons/24x24/Makefile
config.status:720: creating data/icons/32x32/Makefile
config.status:720: creating data/icons/40x40/Makefile
config.status:720: creating data/icons/48x48/Makefile
config.status:720: creating data/icons/50x50/Makefile
config.status:720: creating data/icons/64x64/Makefile
config.status:720: creating data/icons/scalable/Makefile
config.status:720: creating po/Makefile.in
config.status:720: creating config.h
config.status:1005: executing depfiles commands
config.status:1005: executing intltool commands
config.status:1005: executing default-1 commands
config.status:1005: executing po/stamp-it commands

## ---------------- ##
## Cache variables. ##
## ---------------- ##

ac_cv_c_compiler_gnu=yes
ac_cv_cxx_compiler_gnu=yes
ac_cv_env_CCC_set=
ac_cv_env_CCC_value=
ac_cv_env_CC_set=
ac_cv_env_CC_value=
ac_cv_env_CFLAGS_set=
ac_cv_env_CFLAGS_value=
ac_cv_env_CPPFLAGS_set=
ac_cv_env_CPPFLAGS_value=
ac_cv_env_CPP_set=
ac_cv_env_CPP_value=
ac_cv_env_CXXFLAGS_set=
ac_cv_env_CXXFLAGS_value=
ac_cv_env_CXX_set=
ac_cv_env_CXX_value=
ac_cv_env_GNOMEPRINT_CFLAGS_set=
ac_cv_env_GNOMEPRINT_CFLAGS_value=
ac_cv_env_GNOMEPRINT_LIBS_set=
ac_cv_env_GNOMEPRINT_LIBS_value=
ac_cv_env_GTK_CFLAGS_set=
ac_cv_env_GTK_CFLAGS_value=
ac_cv_env_GTK_LIBS_set=
ac_cv_env_GTK_LIBS_value=
ac_cv_env_HILDON_CFLAGS_set=
ac_cv_env_HILDON_CFLAGS_value=
ac_cv_env_HILDON_LIBS_set=
ac_cv_env_HILDON_LIBS_value=
ac_cv_env_LDFLAGS_set=
ac_cv_env_LDFLAGS_value=
ac_cv_env_LIBS_set=
ac_cv_env_LIBS_value=
ac_cv_env_PKG_CONFIG_set=
ac_cv_env_PKG_CONFIG_value=
ac_cv_env_build_alias_set=
ac_cv_env_build_alias_value=
ac_cv_env_host_alias_set=
ac_cv_env_host_alias_value=
ac_cv_env_target_alias_set=
ac_cv_env_target_alias_value=
ac_cv_func_bind_textdomain_codeset=yes
ac_cv_func_dcgettext=yes
ac_cv_header_inttypes_h=yes
ac_cv_header_libintl_h=yes
ac_cv_header_locale_h=yes
ac_cv_header_memory_h=yes
ac_cv_header_stdc=yes
ac_cv_header_stdint_h=yes
ac_cv_header_stdlib_h=yes
ac_cv_header_string_h=yes
ac_cv_header_strings_h=yes
ac_cv_header_sys_stat_h=yes
ac_cv_header_sys_types_h=yes
ac_cv_header_unistd_h=yes
ac_cv_objext=o
ac_cv_path_EGREP='/usr/bin/grep -E'
ac_cv_path_GMSGFMT=/usr/bin/msgfmt
ac_cv_path_GREP=/usr/bin/grep
ac_cv_path_INTLTOOL_PERL=/usr/bin/perl
ac_cv_path_MSGFMT=/usr/bin/msgfmt
ac_cv_path_MSGMERGE=/usr/bin/msgmerge
ac_cv_path_XGETTEXT=/usr/bin/xgettext
ac_cv_path_ac_pt_PKG_CONFIG=/usr/bin/pkg-config
ac_cv_path_install='/usr/bin/install -c'
ac_cv_path_mkdir=/usr/bin/mkdir
ac_cv_prog_AWK=gawk
ac_cv_prog_CPP='gcc -E'
ac_cv_prog_ac_ct_CC=gcc
ac_cv_prog_ac_ct_CXX=g++
ac_cv_prog_ac_ct_RANLIB=ranlib
ac_cv_prog_cc_c89=
ac_cv_prog_cc_g=yes
ac_cv_prog_cc_gcc_c_o=yes
ac_cv_prog_cxx_g=yes
ac_cv_prog_make_make_set=yes
am_cv_CC_dependencies_compiler_type=gcc3
am_cv_CXX_dependencies_compiler_type=gcc3
am_cv_val_LC_MESSAGES=yes
gt_cv_func_dgettext_libc=yes
gt_cv_func_dgettext_libintl=no
gt_cv_func_ngettext_libc=yes
gt_cv_have_gettext=yes
pkg_cv_GTK_CFLAGS='-I/usr/include/gtk-2.0 -I/usr/lib/gtk-2.0/include -I/usr/include/pango-1.0 -I/usr/include/glib-2.0 -I/usr/lib/glib-2.0/include -I/usr/include/sysprof-4 -I/usr/include/harfbuzz -I/usr/include/freetype2 -I/usr/include/libpng16 -I/usr/include/libmount -I/usr/include/blkid -I/usr/include/fribidi -I/usr/include/cairo -I/usr/include/lzo -I/usr/include/pixman-1 -I/usr/include/gdk-pixbuf-2.0 -I/usr/include/atk-1.0 -pthread '
pkg_cv_GTK_LIBS='-lgtk-x11-2.0 -lgdk-x11-2.0 -lpangocairo-1.0 -latk-1.0 -lcairo -lgdk_pixbuf-2.0 -lgio-2.0 -lpangoft2-1.0 -lpango-1.0 -lgobject-2.0 -lglib-2.0 -lharfbuzz -lfontconfig -lfreetype '

## ----------------- ##
## Output variables. ##
## ----------------- ##

ACLOCAL='${SHELL} /home/eri/Downloads/leafpad-0.8.17le2/missing --run aclocal-1.10'
ALL_LINGUAS=''
AMDEPBACKSLASH='\'
AMDEP_FALSE='#'
AMDEP_TRUE=''
AMTAR='${SHELL} /home/eri/Downloads/leafpad-0.8.17le2/missing --run tar'
AUTOCONF='${SHELL} /home/eri/Downloads/leafpad-0.8.17le2/missing --run autoconf'
AUTOHEADER='${SHELL} /home/eri/Downloads/leafpad-0.8.17le2/missing --run autoheader'
AUTOMAKE='${SHELL} /home/eri/Downloads/leafpad-0.8.17le2/missing --run automake-1.10'
AWK='gawk'
CATALOGS=''
CATOBJEXT='.gmo'
CC='gcc'
CCDEPMODE='depmode=gcc3'
CFLAGS='-g -O2 -Wall'
CPP='gcc -E'
CPPFLAGS=''
CXX='g++'
CXXDEPMODE='depmode=gcc3'
CXXFLAGS='-g -O2'
CYGPATH_W='echo'
DATADIRNAME='share'
DEFS='-DHAVE_CONFIG_H'
DEPDIR='.deps'
ECHO_C=''
ECHO_N='-n'
ECHO_T=''
EGREP='/usr/bin/grep -E'
EXEEXT=''
GETTEXT_PACKAGE='leafpad'
GMOFILES=''
GMSGFMT='/usr/bin/msgfmt'
GNOMEPRINT_CFLAGS=''
GNOMEPRINT_LIBS=''
GREP='/usr/bin/grep'
GTK_CFLAGS='-I/usr/include/gtk-2.0 -I/usr/lib/gtk-2.0/include -I/usr/include/pango-1.0 -I/usr/include/glib-2.0 -I/usr/lib/glib-2.0/include -I/usr/include/sysprof-4 -I/usr/include/harfbuzz -I/usr/include/freetype2 -I/usr/include/libpng16 -I/usr/include/libmount -I/usr/include/blkid -I/usr/include/fribidi -I/usr/include/cairo -I/usr/include/lzo -I/usr/include/pixman-1 -I/usr/include/gdk-pixbuf-2.0 -I/usr/include/atk-1.0 -pthread '
GTK_LIBS='-lgtk-x11-2.0 -lgdk-x11-2.0 -lpangocairo-1.0 -latk-1.0 -lcairo -lgdk_pixbuf-2.0 -lgio-2.0 -lpangoft2-1.0 -lpango-1.0 -lgobject-2.0 -lglib-2.0 -lharfbuzz -lfontconfig -lfreetype '
HILDON_CFLAGS=''
HILDON_LIBS=''
INSTALL_DATA='${INSTALL} -m 644'
INSTALL_PROGRAM='${INSTALL}'
INSTALL_SCRIPT='${INSTALL}'
INSTALL_STRIP_PROGRAM='$(install_sh) -c -s'
INSTOBJEXT='.mo'
INTLLIBS=''
INTLTOOL_CAVES_RULE='%.caves:     %.caves.in     $(INTLTOOL_MERGE) $(wildcard $(top_srcdir)/po/*.po) ; LC_ALL=C $(INTLTOOL_MERGE) -d -u -c $(top_builddir)/po/.intltool-merge-cache $(top_srcdir)/po $< $@'
INTLTOOL_DESKTOP_RULE='%.desktop:   %.desktop.in   $(INTLTOOL_MERGE) $(wildcard $(top_srcdir)/po/*.po) ; LC_ALL=C $(INTLTOOL_MERGE) -d -u -c $(top_builddir)/po/.intltool-merge-cache $(top_srcdir)/po $< $@'
INTLTOOL_DIRECTORY_RULE='%.directory: %.directory.in $(INTLTOOL_MERGE) $(wildcard $(top_srcdir)/po/*.po) ; LC_ALL=C $(INTLTOOL_MERGE) -d -u -c $(top_builddir)/po/.intltool-merge-cache $(top_srcdir)/po $< $@'
INTLTOOL_EXTRACT='$(top_builddir)/intltool-extract'
INTLTOOL_KBD_RULE='%.kbd:       %.kbd.in       $(INTLTOOL_MERGE) $(wildcard $(top_srcdir)/po/*.po) ; LC_ALL=C $(INTLTOOL_MERGE) -x -u -m -c $(top_builddir)/po/.intltool-merge-cache $(top_srcdir)/po $< $@'
INTLTOOL_KEYS_RULE='%.keys:      %.keys.in      $(INTLTOOL_MERGE) $(wildcard $(top_srcdir)/po/*.po) ; LC_ALL=C $(INTLTOOL_MERGE) -k -u -c $(top_builddir)/po/.intltool-merge-cache $(top_srcdir)/po $< $@'
INTLTOOL_MERGE='$(top_builddir)/intltool-merge'
INTLTOOL_OAF_RULE='%.oaf:       %.oaf.in       $(INTLTOOL_MERGE) $(wildcard $(top_srcdir)/po/*.po) ; LC_ALL=C $(INTLTOOL_MERGE) -o -p $(top_srcdir)/po $< $@'
INTLTOOL_PERL='/usr/bin/perl'
INTLTOOL_POLICY_RULE='%.policy:    %.policy.in    $(INTLTOOL_MERGE) $(wildcard $(top_srcdir)/po/*.po) ; LC_ALL=C $(INTLTOOL_MERGE) -x -u -c $(top_builddir)/po/.intltool-merge-cache $(top_srcdir)/po $< $@'
INTLTOOL_PONG_RULE='%.pong:      %.pong.in      $(INTLTOOL_MERGE) $(wildcard $(top_srcdir)/po/*.po) ; LC_ALL=C $(INTLTOOL_MERGE) -x -u -c $(top_builddir)/po/.intltool-merge-cache $(top_srcdir)/po $< $@'
INTLTOOL_PROP_RULE='%.prop:      %.prop.in      $(INTLTOOL_MERGE) $(wildcard $(top_srcdir)/po/*.po) ; LC_ALL=C $(INTLTOOL_MERGE) -d -u -c $(top_builddir)/po/.intltool-merge-cache $(top_srcdir)/po $< $@'
INTLTOOL_SCHEMAS_RULE='%.schemas:   %.schemas.in   $(INTLTOOL_MERGE) $(wildcard $(top_srcdir)/po/*.po) ; LC_ALL=C $(INTLTOOL_MERGE) -s -u -c $(top_builddir)/po/.intltool-merge-cache $(top_srcdir)/po $< $@'
INTLTOOL_SERVER_RULE='%.server:    %.server.in    $(INTLTOOL_MERGE) $(wildcard $(top_srcdir)/po/*.po) ; LC_ALL=C $(INTLTOOL_MERGE) -o -u -c $(top_builddir)/po/.intltool-merge-cache $(top_srcdir)/po $< $@'
INTLTOOL_SERVICE_RULE='%.service: %.service.in   $(INTLTOOL_MERGE) $(wildcard $(top_srcdir)/po/*.po) ; LC_ALL=C $(INTLTOOL_MERGE) -d -u -c $(top_builddir)/po/.intltool-merge-cache $(top_srcdir)/po $< $@'
INTLTOOL_SHEET_RULE='%.sheet:     %.sheet.in     $(INTLTOOL_MERGE) $(wildcard $(top_srcdir)/po/*.po) ; LC_ALL=C $(INTLTOOL_MERGE) -x -u -c $(top_builddir)/po/.intltool-merge-cache $(top_srcdir)/po $< $@'
INTLTOOL_SOUNDLIST_RULE='%.soundlist: %.soundlist.in $(INTLTOOL_MERGE) $(wildcard $(top_srcdir)/po/*.po) ; LC_ALL=C $(INTLTOOL_MERGE) -d -u -c $(top_builddir)/po/.intltool-merge-cache $(top_srcdir)/po $< $@'
INTLTOOL_THEME_RULE='%.theme:     %.theme.in     $(INTLTOOL_MERGE) $(wildcard $(top_srcdir)/po/*.po) ; LC_ALL=C $(INTLTOOL_MERGE) -d -u -c $(top_builddir)/po/.intltool-merge-cache $(top_srcdir)/po $< $@'
INTLTOOL_UI_RULE='%.ui:        %.ui.in        $(INTLTOOL_MERGE) $(wildcard $(top_srcdir)/po/*.po) ; LC_ALL=C $(INTLTOOL_MERGE) -x -u -c $(top_builddir)/po/.intltool-merge-cache $(top_srcdir)/po $< $@'
INTLTOOL_UPDATE='$(top_builddir)/intltool-update'
INTLTOOL_XAM_RULE='%.xam:       %.xml.in       $(INTLTOOL_MERGE) $(wildcard $(top_srcdir)/po/*.po) ; LC_ALL=C $(INTLTOOL_MERGE) -x -u -c $(top_builddir)/po/.intltool-merge-cache $(top_srcdir)/po $< $@'
INTLTOOL_XML_NOMERGE_RULE='%.xml:       %.xml.in       $(INTLTOOL_MERGE) ; LC_ALL=C $(INTLTOOL_MERGE) -x -u /tmp $< $@'
INTLTOOL_XML_RULE='%.xml:       %.xml.in       $(INTLTOOL_MERGE) $(wildcard $(top_srcdir)/po/*.po) ; LC_ALL=C $(INTLTOOL_MERGE) -x -u -c $(top_builddir)/po/.intltool-merge-cache $(top_srcdir)/po $< $@'
LDFLAGS=''
LIBOBJS=''
LIBS=''
LTLIBOBJS=''
MAKEINFO='${SHELL} /home/eri/Downloads/leafpad-0.8.17le2/missing --run makeinfo'
MKINSTALLDIRS='./mkinstalldirs'
MSGFMT='/usr/bin/msgfmt'
MSGFMT_OPTS='-c'
MSGMERGE='/usr/bin/msgmerge'
OBJEXT='o'
PACKAGE='leafpad'
PACKAGE_BUGREPORT='tarot@sdf.lonestar.org'
PACKAGE_NAME='Leafpad'
PACKAGE_STRING='Leafpad 0.8.17le2'
PACKAGE_TARNAME='leafpad'
PACKAGE_VERSION='0.8.17le2'
PATH_SEPARATOR=':'
PKG_CONFIG='/usr/bin/pkg-config'
POFILES=''
POSUB='po'
PO_IN_DATADIR_FALSE=''
PO_IN_DATADIR_TRUE=''
RANLIB='ranlib'
SET_MAKE=''
SHELL='/bin/sh'
STRIP=''
USE_NLS='yes'
VERSION='0.8.17le2'
XGETTEXT='/usr/bin/xgettext'
ac_ct_CC='gcc'
ac_ct_CXX='g++'
am__fastdepCC_FALSE='#'
am__fastdepCC_TRUE=''
am__fastdepCXX_FALSE='#'
am__fastdepCXX_TRUE=''
am__include='include'
am__isrc=''
am__leading_dot='.'
am__quote=''
am__tar='${AMTAR} chof - "$$tardir"'
am__untar='${AMTAR} xf -'
bindir='${exec_prefix}/bin'
build_alias=''
datadir='${datarootdir}'
datarootdir='${prefix}/share'
docdir='${datarootdir}/doc/${PACKAGE_TARNAME}'
dvidir='${docdir}'
exec_prefix='${prefix}'
host_alias=''
htmldir='${docdir}'
includedir='${prefix}/include'
infodir='${datarootdir}/info'
install_sh='$(SHELL) /home/eri/Downloads/leafpad-0.8.17le2/install-sh'
libdir='${exec_prefix}/lib'
libexecdir='${exec_prefix}/libexec'
localedir='/usr/local/share/locale'
localstatedir='${prefix}/var'
mandir='${datarootdir}/man'
mkdir_p='/usr/bin/mkdir -p'
oldincludedir='/usr/include'
pdfdir='${docdir}'
prefix='/usr/local'
program_transform_name='s,x,x,'
psdir='${docdir}'
sbindir='${exec_prefix}/sbin'
sharedstatedir='${prefix}/com'
sysconfdir='${prefix}/etc'
target_alias=''

## ----------- ##
## confdefs.h. ##
## ----------- ##

#define PACKAGE_NAME "Leafpad"
#define PACKAGE_TARNAME "leafpad"
#define PACKAGE_VERSION "0.8.17le2"
#define PACKAGE_STRING "Leafpad 0.8.17le2"
#define PACKAGE_BUGREPORT "tarot@sdf.lonestar.org"
#define PACKAGE "leafpad"
#define VERSION "0.8.17le2"
#define ENABLE_CHARDETECT 1
#define ENABLE_SHIFTENTER 1
#define ENABLE_CHOOSER 1
#define SEARCH_HISTORY 1
#define ENABLE_PRINT 1
#define STDC_HEADERS 1
#define HAVE_SYS_TYPES_H 1
#define HAVE_SYS_STAT_H 1
#define HAVE_STDLIB_H 1
#define HAVE_STRING_H 1
#define HAVE_MEMORY_H 1
#define HAVE_STRINGS_H 1
#define HAVE_INTTYPES_H 1
#define HAVE_STDINT_H 1
#define HAVE_UNISTD_H 1
#define HAVE_LOCALE_H 1
#define HAVE_LC_MESSAGES 1
#define HAVE_BIND_TEXTDOMAIN_CODESET 1
#define HAVE_GETTEXT 1
#define HAVE_DCGETTEXT 1
#define ENABLE_NLS 1
#define LOCALEDIR "/usr/local/share/locale"

configure: exit 0
